-------------------------------------------------------------------------------
Test set: com.contiq.test.LogInPageTest
-------------------------------------------------------------------------------
Tests run: 1, Failures: 1, Errors: 0, Skipped: 0, Time elapsed: 28.27 sec <<< FAILURE!
logIn(com.contiq.test.LogInPageTest)  Time elapsed: 2.66 sec  <<< FAILURE!
java.lang.AssertionError: expected:<contiq> but was:<Login>
	at org.testng.Assert.fail(Assert.java:89)
	at org.testng.Assert.failNotEquals(Assert.java:489)
	at org.testng.Assert.assertEquals(Assert.java:118)
	at org.testng.Assert.assertEquals(Assert.java:171)
	at org.testng.Assert.assertEquals(Assert.java:181)
	at com.contiq.test.LogInPageTest.logIn(LogInPageTest.java:34)

