<?xml version="1.0" encoding="UTF-8"?>
<testsuite hostname="MININT-VB1PAEV" name="com.contiq.test.LogInPageTest" tests="1" failures="1" timestamp="30 Sep 2015 02:56:11 GMT" time="26.213" errors="0">
  <testcase name="logIn" time="2.653" classname="com.contiq.test.LogInPageTest">
    <failure type="java.lang.AssertionError" message="expected:&amp;lt;contiq&amp;gt; but was:&amp;lt;Login&amp;gt;">
      <![CDATA[java.lang.AssertionError: expected:<contiq> but was:<Login>
	at com.contiq.test.LogInPageTest.logIn(LogInPageTest.java:34)
	at org.apache.maven.surefire.testng.TestNGExecutor.run(TestNGExecutor.java:77)
	at org.apache.maven.surefire.testng.TestNGDirectoryTestSuite.execute(TestNGDirectoryTestSuite.java:110)
	at org.apache.maven.surefire.testng.TestNGProvider.invoke(TestNGProvider.java:106)
	at org.apache.maven.surefire.util.ReflectionUtils.invokeMethodWithArray(ReflectionUtils.java:189)
	at org.apache.maven.surefire.booter.ProviderFactory$ProviderProxy.invoke(ProviderFactory.java:165)
	at org.apache.maven.surefire.booter.ProviderFactory.invokeProvider(ProviderFactory.java:85)
	at org.apache.maven.surefire.booter.ForkedBooter.runSuitesInProcess(ForkedBooter.java:115)
	at org.apache.maven.surefire.booter.ForkedBooter.main(ForkedBooter.java:75)
... Removed 31 stack frames]]>
    </failure>
  </testcase>
</testsuite>
